build/app/intermediates/manifest_merge_blame_file/debug/manifest-merger-blame-debug-report.txt
1<?xml version="1.0" encoding="utf-8"?>
2<manifest xmlns:android="http://schemas.android.com/apk/res/android"
3    package="com.example.myarapp01"
4    android:versionCode="1"
5    android:versionName="1.0.0" >
6    <!--
7 io.flutter.app.FlutterApplication is an android.app.Application that
8         calls FlutterMain.startInitialization(this); in its onCreate method.
9         In most cases you can leave this as-is, but you if you want to provide
10         additional functionality it is fine to subclass or reimplement
11         FlutterApplication and put your custom class here.
12    -->
13    <uses-sdk
13-->src\main\AndroidManifest.xml:9:5-44
14        android:minSdkVersion="24"
14-->src\main\AndroidManifest.xml:9:15-41
15        android:targetSdkVersion="29" />
16    <!--
17         Flutter needs it to communicate with the running application
18         to allow setting breakpoints, to provide hot reload, etc.
19    -->
20    <uses-permission android:name="android.permission.INTERNET" />
20-->src\debug\AndroidManifest.xml:6:5-66
20-->src\debug\AndroidManifest.xml:6:22-64
21    <uses-permission android:name="android:permission.CAMERA" />
21-->src\main\AndroidManifest.xml:10:5-65
21-->src\main\AndroidManifest.xml:10:22-62
22
23    <uses-feature android:name="android.hardware.camera.ar" />
23-->src\main\AndroidManifest.xml:11:5-63
23-->src\main\AndroidManifest.xml:11:19-60
24
25    <uses-permission android:name="android.permission.ACCESS_FINE_LOCATION" />
25-->src\main\AndroidManifest.xml:12:5-79
25-->src\main\AndroidManifest.xml:12:22-76
26    <uses-permission android:name="android.permission.ACCESS_COARSE_LOCATION" />
26-->src\main\AndroidManifest.xml:13:5-81
26-->src\main\AndroidManifest.xml:13:22-78
27    <uses-permission android:name="android.permission.ACCESS_BACKGROUND_LOCATION" />
27-->src\main\AndroidManifest.xml:14:5-84
27-->src\main\AndroidManifest.xml:14:22-82
28    <uses-permission android:name="android.permission.CAMERA" /> <!-- Sceneform requires OpenGL ES 3.0 or later. -->
28-->[:arcore_flutter_plugin] AndroidManifest.xml:7:5-65
28-->[:arcore_flutter_plugin] AndroidManifest.xml:7:22-62
29    <uses-feature
29-->[:arcore_flutter_plugin] AndroidManifest.xml:16:5-18:35
30        android:glEsVersion="0x00030000"
30-->[:arcore_flutter_plugin] AndroidManifest.xml:17:9-41
31        android:required="true" />
31-->[:arcore_flutter_plugin] AndroidManifest.xml:18:9-32
32
33    <application
33-->src\main\AndroidManifest.xml:15:5-54:19
34        android:name="io.flutter.app.FlutterApplication"
34-->src\main\AndroidManifest.xml:16:9-57
35        android:appComponentFactory="androidx.core.app.CoreComponentFactory"
35-->[androidx.core:core:1.3.0-alpha01] AndroidManifest.xml:24:18-86
36        android:debuggable="true"
37        android:icon="@mipmap/ic_launcher"
37-->src\main\AndroidManifest.xml:18:9-43
38        android:label="myarapp01" >
38-->src\main\AndroidManifest.xml:17:9-34
39        <activity
39-->src\main\AndroidManifest.xml:19:9-47:20
40            android:name="com.example.myarapp01.MainActivity"
40-->src\main\AndroidManifest.xml:20:13-41
41            android:configChanges="orientation|keyboardHidden|keyboard|screenSize|smallestScreenSize|locale|layoutDirection|fontScale|screenLayout|density|uiMode"
41-->src\main\AndroidManifest.xml:23:13-163
42            android:hardwareAccelerated="true"
42-->src\main\AndroidManifest.xml:24:13-47
43            android:launchMode="singleTop"
43-->src\main\AndroidManifest.xml:21:13-43
44            android:theme="@style/LaunchTheme"
44-->src\main\AndroidManifest.xml:22:13-47
45            android:windowSoftInputMode="adjustResize" >
45-->src\main\AndroidManifest.xml:25:13-55
46
47            <!--
48                 Specifies an Android theme to apply to this Activity as soon as
49                 the Android process has started. This theme is visible to the user
50                 while the Flutter UI initializes. After that, this theme continues
51                 to determine the Window background behind the Flutter UI.
52            -->
53            <meta-data
53-->src\main\AndroidManifest.xml:30:13-33:17
54                android:name="io.flutter.embedding.android.NormalTheme"
54-->src\main\AndroidManifest.xml:31:15-70
55                android:resource="@style/NormalTheme" />
55-->src\main\AndroidManifest.xml:32:15-52
56            <!--
57                 Displays an Android View that continues showing the launch screen
58                 Drawable until Flutter paints its first frame, then this splash
59                 screen fades out. A splash screen is useful to avoid any visual
60                 gap between the end of Android's launch screen and the painting of
61                 Flutter's first frame.
62            -->
63            <meta-data
63-->src\main\AndroidManifest.xml:39:13-42:17
64                android:name="io.flutter.embedding.android.SplashScreenDrawable"
64-->src\main\AndroidManifest.xml:40:15-79
65                android:resource="@drawable/launch_background" />
65-->src\main\AndroidManifest.xml:41:15-61
66
67            <intent-filter>
67-->src\main\AndroidManifest.xml:43:13-46:29
68                <action android:name="android.intent.action.MAIN" />
68-->src\main\AndroidManifest.xml:44:17-68
68-->src\main\AndroidManifest.xml:44:25-66
69
70                <category android:name="android.intent.category.LAUNCHER" />
70-->src\main\AndroidManifest.xml:45:17-76
70-->src\main\AndroidManifest.xml:45:27-74
71            </intent-filter>
72        </activity>
73        <!--
74             Don't delete the meta-data below.
75             This is used by the Flutter tool to generate GeneratedPluginRegistrant.java
76        -->
77        <meta-data
77-->src\main\AndroidManifest.xml:50:9-52:33
78            android:name="flutterEmbedding"
78-->src\main\AndroidManifest.xml:51:13-44
79            android:value="2" />
79-->src\main\AndroidManifest.xml:52:13-30
80        <!-- meta-data android:name="com.google.ar.core" android:value="required" / -->
81        <!--
82             Indicates that app requires ARCore ("AR Required"). Causes Google
83             Play Store to download and install ARCore when the app is installed.
84        -->
85        <meta-data
85-->[:arcore_flutter_plugin] AndroidManifest.xml:26:9-28:40
86            android:name="com.google.ar.core"
86-->[:arcore_flutter_plugin] AndroidManifest.xml:27:13-46
87            android:value="optional" /> <!-- The minimal version code of ARCore APK required for an app using this SDK. -->
87-->[:arcore_flutter_plugin] AndroidManifest.xml:28:13-37
88        <meta-data
88-->[com.google.ar:core:1.13.0] AndroidManifest.xml:33:9-35:41
89            android:name="com.google.ar.core.min_apk_version"
89-->[com.google.ar:core:1.13.0] AndroidManifest.xml:34:13-62
90            android:value="190919000" /> <!-- This activity is critical for installing ARCore when it is not already present. -->
90-->[com.google.ar:core:1.13.0] AndroidManifest.xml:35:13-38
91        <activity
91-->[com.google.ar:core:1.13.0] AndroidManifest.xml:37:9-43:80
92            android:name="com.google.ar.core.InstallActivity"
92-->[com.google.ar:core:1.13.0] AndroidManifest.xml:38:13-62
93            android:configChanges="keyboardHidden|orientation|screenSize"
93-->[com.google.ar:core:1.13.0] AndroidManifest.xml:39:13-74
94            android:excludeFromRecents="true"
94-->[com.google.ar:core:1.13.0] AndroidManifest.xml:40:13-46
95            android:exported="false"
95-->[com.google.ar:core:1.13.0] AndroidManifest.xml:41:13-37
96            android:launchMode="singleTop"
96-->[com.google.ar:core:1.13.0] AndroidManifest.xml:42:13-43
97            android:theme="@android:style/Theme.Material.Light.Dialog.Alert" />
97-->[com.google.ar:core:1.13.0] AndroidManifest.xml:43:13-77
98        <activity
98-->[com.google.android.gms:play-services-base:17.0.0] AndroidManifest.xml:23:9-26:75
99            android:name="com.google.android.gms.common.api.GoogleApiActivity"
99-->[com.google.android.gms:play-services-base:17.0.0] AndroidManifest.xml:24:13-79
100            android:exported="false"
100-->[com.google.android.gms:play-services-base:17.0.0] AndroidManifest.xml:25:13-37
101            android:theme="@android:style/Theme.Translucent.NoTitleBar" />
101-->[com.google.android.gms:play-services-base:17.0.0] AndroidManifest.xml:26:13-72
102
103        <meta-data
103-->[com.google.android.gms:play-services-basement:17.0.0] AndroidManifest.xml:23:9-25:69
104            android:name="com.google.android.gms.version"
104-->[com.google.android.gms:play-services-basement:17.0.0] AndroidManifest.xml:24:13-58
105            android:value="@integer/google_play_services_version" />
105-->[com.google.android.gms:play-services-basement:17.0.0] AndroidManifest.xml:25:13-66
106    </application>
107
108</manifest>